<?xml version="1.0" encoding="UTF-8"?>
<testng-results ignored="0" total="1" passed="1" failed="0" skipped="0">
  <reporter-output>
  </reporter-output>
  <suite started-at="2024-08-14T18:00:37 IST" name="Default suite" finished-at="2024-08-14T18:00:49 IST" duration-ms="12395">
    <groups>
    </groups>
    <test started-at="2024-08-14T18:00:37 IST" name="Default test" finished-at="2024-08-14T18:00:49 IST" duration-ms="12395">
      <class name="Assignment.WebBrowser">
        <test-method signature="TC01()[pri:0, instance:Assignment.WebBrowser@942a29c]" started-at="2024-08-14T18:00:37 IST" name="TC01" finished-at="2024-08-14T18:00:49 IST" duration-ms="12347" status="PASS">
          <reporter-output>
          </reporter-output>
        </test-method> <!-- TC01 -->
      </class> <!-- Assignment.WebBrowser -->
    </test> <!-- Default test -->
  </suite> <!-- Default suite -->
</testng-results>
